<?xml version="1.0" encoding="UTF-8"?>
<!-- Generated by org.testng.reporters.JUnitReportReporter -->
<testsuite hostname="Suji-Laptop" failures="1" tests="3" name="runner.addToCartTest$TestRunner" time="29.012" errors="0" timestamp="2025-03-07T13:53:25 IST" skipped="0">
  <testcase classname="runner.addToCartTest$TestRunner" name="runScenario" time="0.033"/>
  <system-out/>
  <testcase classname="runner.addToCartTest$TestRunner" name="runScenario" time="28.949">
    <failure message="Element not found during login: Expected condition failed: waiting for presence of element located by: By.id: user-name (tried for 10 second(s) with 500 milliseconds interval)" type="java.lang.AssertionError">
      <![CDATA[java.lang.AssertionError: Element not found during login: Expected condition failed: waiting for presence of element located by: By.id: user-name (tried for 10 second(s) with 500 milliseconds interval)
at org.testng.Assert.fail(Assert.java:99)
at stepDefinitions.addToCartSteps.user_enters_username_and_password(addToCartSteps.java:53)
at âœ½.User enters username "standard_user" and password "secret_sauce"(file:///C:/Users/Suji/Documents/Wipro-RPS-Selenium/Cucumber_Practice/src/test/resources/features/addToCart.feature:5)
]]>
    </failure>
  </testcase> <!-- runScenario -->
  <system-out/>
  <testcase classname="runner.addToCartTest$TestRunner" name="runScenario" time="0.030"/>
  <system-out/>
</testsuite> <!-- runner.addToCartTest$TestRunner -->
